# JRE version: OpenJDK Runtime Environment Temurin-21.0.8+9 (21.0.8+9) (build 21.0.8+9-LTS)
# Java VM: OpenJDK 64-Bit Server VM Temurin-21.0.8+9 (21.0.8+9-LTS, mixed mode, sharing, tiered, compressed oops, compressed class ptrs, parallel gc, windows-amd64)
GC Precious Log:
 CardTable entry size: 512
 CPUs: 8 total, 8 available
 Memory: 16126M
 Large Page Support: Disabled
 NUMA Support: Disabled
 Compressed Oops: Enabled (32-bit)
 Alignments: Space 512K, Generation 512K, Heap 2M
 Heap Min Capacity: 100M
 Heap Initial Capacity: 100M
 Heap Max Capacity: 2G
 Pre-touch: Disabled
 Parallel Workers: 8
Heap:
 PSYoungGen      total 7680K, used 3487K [0x00000000d5580000, 0x00000000d6300000, 0x0000000100000000)
  eden space 4608K, 9% used [0x00000000d5580000,0x00000000d55ebb70,0x00000000d5a00000)
  from space 3072K, 99% used [0x00000000d5e00000,0x00000000d60fc2f0,0x00000000d6100000)
  to   space 4096K, 0% used [0x00000000d5a00000,0x00000000d5a00000,0x00000000d5e00000)
 ParOldGen       total 1204224K, used 1203740K [0x0000000080000000, 0x00000000c9800000, 0x00000000d5580000)
  object space 1204224K, 99% used [0x0000000080000000,0x00000000c9787398,0x00000000c9800000)
 Metaspace       used 96249K, committed 97856K, reserved 1179648K
  class space    used 9346K, committed 10112K, reserved 1048576K
GC Heap History (20 events):
Event: 34153.774 GC heap before
{Heap before GC invocations=18838 (full 14):
 PSYoungGen      total 4096K, used 4080K [0x00000000d5580000, 0x00000000d6180000, 0x0000000100000000)
  eden space 2048K, 100% used [0x00000000d5580000,0x00000000d5780000,0x00000000d5780000)
  from space 2048K, 99% used [0x00000000d5b80000,0x00000000d5d7c2f0,0x00000000d5d80000)
  to   space 4096K, 0% used [0x00000000d5780000,0x00000000d5780000,0x00000000d5b80000)
 ParOldGen       total 1195008K, used 1194627K [0x0000000080000000, 0x00000000c8f00000, 0x00000000d5580000)
  object space 1195008K, 99% used [0x0000000080000000,0x00000000c8ea0e58,0x00000000c8f00000)
 Metaspace       used 96249K, committed 97856K, reserved 1179648K
  class space    used 9346K, committed 10112K, reserved 1048576K
}
Event: 34153.776 GC heap after
{Heap after GC invocations=18838 (full 14):
 PSYoungGen      total 2560K, used 224K [0x00000000d5580000, 0x00000000d5c00000, 0x0000000100000000)
  eden space 2048K, 0% used [0x00000000d5580000,0x00000000d5580000,0x00000000d5780000)
  from space 512K, 43% used [0x00000000d5780000,0x00000000d57b8000,0x00000000d5800000)
  to   space 1536K, 0% used [0x00000000d5a80000,0x00000000d5a80000,0x00000000d5c00000)
 ParOldGen       total 1195008K, used 1194795K [0x0000000080000000, 0x00000000c8f00000, 0x00000000d5580000)
  object space 1195008K, 99% used [0x0000000080000000,0x00000000c8ecae58,0x00000000c8f00000)
 Metaspace       used 96249K, committed 97856K, reserved 1179648K
  class space    used 9346K, committed 10112K, reserved 1048576K
}
Event: 34153.778 GC heap before
{Heap before GC invocations=18839 (full 14):
 PSYoungGen      total 2560K, used 2272K [0x00000000d5580000, 0x00000000d5c00000, 0x0000000100000000)
  eden space 2048K, 100% used [0x00000000d5580000,0x00000000d5780000,0x00000000d5780000)
  from space 512K, 43% used [0x00000000d5780000,0x00000000d57b8000,0x00000000d5800000)
  to   space 1536K, 0% used [0x00000000d5a80000,0x00000000d5a80000,0x00000000d5c00000)
 ParOldGen       total 1195008K, used 1194795K [0x0000000080000000, 0x00000000c8f00000, 0x00000000d5580000)
  object space 1195008K, 99% used [0x0000000080000000,0x00000000c8ecae58,0x00000000c8f00000)
 Metaspace       used 96249K, committed 97856K, reserved 1179648K
  class space    used 9346K, committed 10112K, reserved 1048576K
}
Event: 34153.780 GC heap after
{Heap after GC invocations=18839 (full 14):
 PSYoungGen      total 4096K, used 1520K [0x00000000d5580000, 0x00000000d5d00000, 0x0000000100000000)
  eden space 2560K, 0% used [0x00000000d5580000,0x00000000d5580000,0x00000000d5800000)
  from space 1536K, 99% used [0x00000000d5a80000,0x00000000d5bfc2f0,0x00000000d5c00000)
  to   space 2560K, 0% used [0x00000000d5800000,0x00000000d5800000,0x00000000d5a80000)
 ParOldGen       total 1195520K, used 1195323K [0x0000000080000000, 0x00000000c8f80000, 0x00000000d5580000)
  object space 1195520K, 99% used [0x0000000080000000,0x00000000c8f4ee58,0x00000000c8f80000)
 Metaspace       used 96249K, committed 97856K, reserved 1179648K
  class space    used 9346K, committed 10112K, reserved 1048576K
}
Event: 34153.785 GC heap before
{Heap before GC invocations=18840 (full 14):
 PSYoungGen      total 4096K, used 4080K [0x00000000d5580000, 0x00000000d5d00000, 0x0000000100000000)
  eden space 2560K, 100% used [0x00000000d5580000,0x00000000d5800000,0x00000000d5800000)
  from space 1536K, 99% used [0x00000000d5a80000,0x00000000d5bfc2f0,0x00000000d5c00000)
  to   space 2560K, 0% used [0x00000000d5800000,0x00000000d5800000,0x00000000d5a80000)
 ParOldGen       total 1195520K, used 1195323K [0x0000000080000000, 0x00000000c8f80000, 0x00000000d5580000)
  object space 1195520K, 99% used [0x0000000080000000,0x00000000c8f4ee58,0x00000000c8f80000)
 Metaspace       used 96249K, committed 97856K, reserved 1179648K
  class space    used 9346K, committed 10112K, reserved 1048576K
}
Event: 34153.788 GC heap after
{Heap after GC invocations=18840 (full 14):
 PSYoungGen      total 5120K, used 1984K [0x00000000d5580000, 0x00000000d5d80000, 0x0000000100000000)
  eden space 2560K, 0% used [0x00000000d5580000,0x00000000d5580000,0x00000000d5800000)
  from space 2560K, 77% used [0x00000000d5800000,0x00000000d59f0000,0x00000000d5a80000)
  to   space 2560K, 0% used [0x00000000d5b00000,0x00000000d5b00000,0x00000000d5d80000)
 ParOldGen       total 1197056K, used 1196876K [0x0000000080000000, 0x00000000c9100000, 0x00000000d5580000)
  object space 1197056K, 99% used [0x0000000080000000,0x00000000c90d3148,0x00000000c9100000)
 Metaspace       used 96249K, committed 97856K, reserved 1179648K
  class space    used 9346K, committed 10112K, reserved 1048576K
}
Event: 34153.792 GC heap before
{Heap before GC invocations=18841 (full 14):
 PSYoungGen      total 5120K, used 4544K [0x00000000d5580000, 0x00000000d5d80000, 0x0000000100000000)
  eden space 2560K, 100% used [0x00000000d5580000,0x00000000d5800000,0x00000000d5800000)
  from space 2560K, 77% used [0x00000000d5800000,0x00000000d59f0000,0x00000000d5a80000)
  to   space 2560K, 0% used [0x00000000d5b00000,0x00000000d5b00000,0x00000000d5d80000)
 ParOldGen       total 1197056K, used 1196876K [0x0000000080000000, 0x00000000c9100000, 0x00000000d5580000)
  object space 1197056K, 99% used [0x0000000080000000,0x00000000c90d3148,0x00000000c9100000)
 Metaspace       used 96249K, committed 97856K, reserved 1179648K
  class space    used 9346K, committed 10112K, reserved 1048576K
}
Event: 34153.794 GC heap after
{Heap after GC invocations=18841 (full 14):
 PSYoungGen      total 4608K, used 1424K [0x00000000d5580000, 0x00000000d5c80000, 0x0000000100000000)
  eden space 3072K, 0% used [0x00000000d5580000,0x00000000d5580000,0x00000000d5880000)
  from space 1536K, 92% used [0x00000000d5b00000,0x00000000d5c642f0,0x00000000d5c80000)
  to   space 2048K, 0% used [0x00000000d5880000,0x00000000d5880000,0x00000000d5a80000)
 ParOldGen       total 1199104K, used 1198768K [0x0000000080000000, 0x00000000c9300000, 0x00000000d5580000)
  object space 1199104K, 99% used [0x0000000080000000,0x00000000c92ac120,0x00000000c9300000)
 Metaspace       used 96249K, committed 97856K, reserved 1179648K
  class space    used 9346K, committed 10112K, reserved 1048576K
}
Event: 34153.799 GC heap before
{Heap before GC invocations=18842 (full 14):
 PSYoungGen      total 4608K, used 4496K [0x00000000d5580000, 0x00000000d5c80000, 0x0000000100000000)
  eden space 3072K, 100% used [0x00000000d5580000,0x00000000d5880000,0x00000000d5880000)
  from space 1536K, 92% used [0x00000000d5b00000,0x00000000d5c642f0,0x00000000d5c80000)
  to   space 2048K, 0% used [0x00000000d5880000,0x00000000d5880000,0x00000000d5a80000)
 ParOldGen       total 1199104K, used 1198768K [0x0000000080000000, 0x00000000c9300000, 0x00000000d5580000)
  object space 1199104K, 99% used [0x0000000080000000,0x00000000c92ac120,0x00000000c9300000)
 Metaspace       used 96249K, committed 97856K, reserved 1179648K
  class space    used 9346K, committed 10112K, reserved 1048576K
}
Event: 34153.802 GC heap after
{Heap after GC invocations=18842 (full 14):
 PSYoungGen      total 5120K, used 2048K [0x00000000d5580000, 0x00000000d6380000, 0x0000000100000000)
  eden space 3072K, 0% used [0x00000000d5580000,0x00000000d5580000,0x00000000d5880000)
  from space 2048K, 100% used [0x00000000d5880000,0x00000000d5a80000,0x00000000d5a80000)
  to   space 5120K, 0% used [0x00000000d5e80000,0x00000000d5e80000,0x00000000d6380000)
 ParOldGen       total 1201152K, used 1201057K [0x0000000080000000, 0x00000000c9500000, 0x00000000d5580000)
  object space 1201152K, 99% used [0x0000000080000000,0x00000000c94e8410,0x00000000c9500000)
 Metaspace       used 96249K, committed 97856K, reserved 1179648K
  class space    used 9346K, committed 10112K, reserved 1048576K
}
Event: 34153.812 GC heap before
{Heap before GC invocations=18843 (full 14):
 PSYoungGen      total 5120K, used 5120K [0x00000000d5580000, 0x00000000d6380000, 0x0000000100000000)
  eden space 3072K, 100% used [0x00000000d5580000,0x00000000d5880000,0x00000000d5880000)
  from space 2048K, 100% used [0x00000000d5880000,0x00000000d5a80000,0x00000000d5a80000)
  to   space 5120K, 0% used [0x00000000d5e80000,0x00000000d5e80000,0x00000000d6380000)
 ParOldGen       total 1201152K, used 1201057K [0x0000000080000000, 0x00000000c9500000, 0x00000000d5580000)
  object space 1201152K, 99% used [0x0000000080000000,0x00000000c94e8410,0x00000000c9500000)
 Metaspace       used 96249K, committed 97856K, reserved 1179648K
  class space    used 9346K, committed 10112K, reserved 1048576K
}
Event: 34153.815 GC heap after
{Heap after GC invocations=18843 (full 14):
 PSYoungGen      total 6656K, used 2384K [0x00000000d5580000, 0x00000000d6100000, 0x0000000100000000)
  eden space 4096K, 0% used [0x00000000d5580000,0x00000000d5580000,0x00000000d5980000)
  from space 2560K, 93% used [0x00000000d5e80000,0x00000000d60d42f0,0x00000000d6100000)
  to   space 3584K, 0% used [0x00000000d5a00000,0x00000000d5a00000,0x00000000d5d80000)
 ParOldGen       total 1203200K, used 1203121K [0x0000000080000000, 0x00000000c9700000, 0x00000000d5580000)
  object space 1203200K, 99% used [0x0000000080000000,0x00000000c96ec410,0x00000000c9700000)
 Metaspace       used 96249K, committed 97856K, reserved 1179648K
  class space    used 9346K, committed 10112K, reserved 1048576K
}
Event: 34154.523 GC heap before
{Heap before GC invocations=18844 (full 14):
 PSYoungGen      total 6656K, used 6480K [0x00000000d5580000, 0x00000000d6100000, 0x0000000100000000)
  eden space 4096K, 100% used [0x00000000d5580000,0x00000000d5980000,0x00000000d5980000)
  from space 2560K, 93% used [0x00000000d5e80000,0x00000000d60d42f0,0x00000000d6100000)
  to   space 3584K, 0% used [0x00000000d5a00000,0x00000000d5a00000,0x00000000d5d80000)
 ParOldGen       total 1203200K, used 1203121K [0x0000000080000000, 0x00000000c9700000, 0x00000000d5580000)
  object space 1203200K, 99% used [0x0000000080000000,0x00000000c96ec410,0x00000000c9700000)
 Metaspace       used 96249K, committed 97856K, reserved 1179648K
  class space    used 9346K, committed 10112K, reserved 1048576K
}
Event: 34154.525 GC heap after
{Heap after GC invocations=18844 (full 14):
 PSYoungGen      total 6656K, used 1904K [0x00000000d5580000, 0x00000000d5f80000, 0x0000000100000000)
  eden space 4608K, 0% used [0x00000000d5580000,0x00000000d5580000,0x00000000d5a00000)
  from space 2048K, 93% used [0x00000000d5a00000,0x00000000d5bdc2f0,0x00000000d5c00000)
  to   space 2560K, 0% used [0x00000000d5d00000,0x00000000d5d00000,0x00000000d5f80000)
 ParOldGen       total 1203200K, used 1203161K [0x0000000080000000, 0x00000000c9700000, 0x00000000d5580000)
  object space 1203200K, 99% used [0x0000000080000000,0x00000000c96f6410,0x00000000c9700000)
 Metaspace       used 96249K, committed 97856K, reserved 1179648K
  class space    used 9346K, committed 10112K, reserved 1048576K
}
Event: 34154.531 GC heap before
{Heap before GC invocations=18845 (full 14):
 PSYoungGen      total 6656K, used 6512K [0x00000000d5580000, 0x00000000d5f80000, 0x0000000100000000)
  eden space 4608K, 100% used [0x00000000d5580000,0x00000000d5a00000,0x00000000d5a00000)
  from space 2048K, 93% used [0x00000000d5a00000,0x00000000d5bdc2f0,0x00000000d5c00000)
  to   space 2560K, 0% used [0x00000000d5d00000,0x00000000d5d00000,0x00000000d5f80000)
 ParOldGen       total 1203200K, used 1203161K [0x0000000080000000, 0x00000000c9700000, 0x00000000d5580000)
  object space 1203200K, 99% used [0x0000000080000000,0x00000000c96f6410,0x00000000c9700000)
 Metaspace       used 96249K, committed 97856K, reserved 1179648K
  class space    used 9346K, committed 10112K, reserved 1048576K
}
Event: 34154.534 GC heap after
{Heap after GC invocations=18845 (full 14):
 PSYoungGen      total 7168K, used 2544K [0x00000000d5580000, 0x00000000d6100000, 0x0000000100000000)
  eden space 4608K, 0% used [0x00000000d5580000,0x00000000d5580000,0x00000000d5a00000)
  from space 2560K, 99% used [0x00000000d5d00000,0x00000000d5f7c2f0,0x00000000d5f80000)
  to   space 3072K, 0% used [0x00000000d5a00000,0x00000000d5a00000,0x00000000d5d00000)
 ParOldGen       total 1203712K, used 1203292K [0x0000000080000000, 0x00000000c9780000, 0x00000000d5580000)
  object space 1203712K, 99% used [0x0000000080000000,0x00000000c97173e8,0x00000000c9780000)
 Metaspace       used 96249K, committed 97856K, reserved 1179648K
  class space    used 9346K, committed 10112K, reserved 1048576K
}
Event: 34154.544 GC heap before
{Heap before GC invocations=18846 (full 14):
 PSYoungGen      total 7168K, used 7152K [0x00000000d5580000, 0x00000000d6100000, 0x0000000100000000)
  eden space 4608K, 100% used [0x00000000d5580000,0x00000000d5a00000,0x00000000d5a00000)
  from space 2560K, 99% used [0x00000000d5d00000,0x00000000d5f7c2f0,0x00000000d5f80000)
  to   space 3072K, 0% used [0x00000000d5a00000,0x00000000d5a00000,0x00000000d5d00000)
 ParOldGen       total 1203712K, used 1203292K [0x0000000080000000, 0x00000000c9780000, 0x00000000d5580000)
  object space 1203712K, 99% used [0x0000000080000000,0x00000000c97173e8,0x00000000c9780000)
 Metaspace       used 96249K, committed 97856K, reserved 1179648K
  class space    used 9346K, committed 10112K, reserved 1048576K
}
Event: 34154.547 GC heap after
{Heap after GC invocations=18846 (full 14):
 PSYoungGen      total 7680K, used 2672K [0x00000000d5580000, 0x00000000d6100000, 0x0000000100000000)
  eden space 4608K, 0% used [0x00000000d5580000,0x00000000d5580000,0x00000000d5a00000)
  from space 3072K, 87% used [0x00000000d5a00000,0x00000000d5c9c2f0,0x00000000d5d00000)
  to   space 3072K, 0% used [0x00000000d5e00000,0x00000000d5e00000,0x00000000d6100000)
 ParOldGen       total 1203712K, used 1203316K [0x0000000080000000, 0x00000000c9780000, 0x00000000d5580000)
  object space 1203712K, 99% used [0x0000000080000000,0x00000000c971d3e8,0x00000000c9780000)
 Metaspace       used 96249K, committed 97856K, reserved 1179648K
  class space    used 9346K, committed 10112K, reserved 1048576K
}
Event: 34154.554 GC heap before
{Heap before GC invocations=18847 (full 14):
 PSYoungGen      total 7680K, used 7280K [0x00000000d5580000, 0x00000000d6100000, 0x0000000100000000)
  eden space 4608K, 99% used [0x00000000d5580000,0x00000000d59fffe0,0x00000000d5a00000)
  from space 3072K, 87% used [0x00000000d5a00000,0x00000000d5c9c2f0,0x00000000d5d00000)
  to   space 3072K, 0% used [0x00000000d5e00000,0x00000000d5e00000,0x00000000d6100000)
 ParOldGen       total 1203712K, used 1203316K [0x0000000080000000, 0x00000000c9780000, 0x00000000d5580000)
  object space 1203712K, 99% used [0x0000000080000000,0x00000000c971d3e8,0x00000000c9780000)
 Metaspace       used 96249K, committed 97856K, reserved 1179648K
  class space    used 9346K, committed 10112K, reserved 1048576K
}
Event: 34154.557 GC heap after
{Heap after GC invocations=18847 (full 14):
 PSYoungGen      total 7680K, used 3056K [0x00000000d5580000, 0x00000000d6300000, 0x0000000100000000)
  eden space 4608K, 0% used [0x00000000d5580000,0x00000000d5580000,0x00000000d5a00000)
  from space 3072K, 99% used [0x00000000d5e00000,0x00000000d60fc2f0,0x00000000d6100000)
  to   space 4096K, 0% used [0x00000000d5a00000,0x00000000d5a00000,0x00000000d5e00000)
 ParOldGen       total 1204224K, used 1203740K [0x0000000080000000, 0x00000000c9800000, 0x00000000d5580000)
  object space 1204224K, 99% used [0x0000000080000000,0x00000000c9787398,0x00000000c9800000)
 Metaspace       used 96249K, committed 97856K, reserved 1179648K
  class space    used 9346K, committed 10112K, reserved 1048576K
}

